<?xml version="1.0" encoding="UTF-8"?>
<!-- Generated by org.testng.reporters.JUnitReportReporter -->
<testsuite hostname="DESKTOP-V06VRSN" failures="0" tests="1" name="TestClssesPackage.LoginPage" time="2.393" errors="0" timestamp="2023-03-14T15:51:16 IST" skipped="0">
  <testcase classname="TestClssesPackage.LoginPage" name="VerifyLoginPageWithValidInput" time="2.393"/>
  <system-out/>
</testsuite> <!-- TestClssesPackage.LoginPage -->
