<?xml version="1.0" encoding="UTF-8"?>
<!-- Generated by org.testng.reporters.JUnitReportReporter -->
<testsuite hostname="DESKTOP-V06VRSN" failures="0" tests="1" name="TestClssesPackage.AdminPageTest" time="0.000" errors="0" timestamp="2023-03-30T16:07:09 IST" skipped="1">
  <testcase classname="TestClssesPackage.AdminPageTest" name="VerifyAdminPage" time="0.000">
    <skipped/>
  </testcase> <!-- VerifyAdminPage -->
  <system-out/>
</testsuite> <!-- TestClssesPackage.AdminPageTest -->
