<?xml version="1.0" encoding="UTF-8"?>
<!-- Generated by org.testng.reporters.JUnitReportReporter -->
<testsuite hostname="DESKTOP-V06VRSN" failures="0" tests="2" name="TestClssesPackage.LoginPageTest" time="0.002" errors="0" timestamp="2023-03-30T16:07:09 IST" skipped="2">
  <testcase classname="TestClssesPackage.LoginPageTest" name="VerifyLoginPageWithInvalidInput" time="0.002">
    <skipped/>
  </testcase> <!-- VerifyLoginPageWithInvalidInput -->
  <system-out/>
  <testcase classname="TestClssesPackage.LoginPageTest" name="VerifyLoginPageWithValidInput" time="0.000">
    <skipped/>
  </testcase> <!-- VerifyLoginPageWithValidInput -->
  <system-out/>
</testsuite> <!-- TestClssesPackage.LoginPageTest -->
